 
 xderiv:
 x =        0.0000000000000000 , a =        0.0000000000000000 , ax =        1.0000000000000009
 x =        0.1963495408493621 , a =        0.1950903220161283 , ax =        0.9807852804032304
 x =        0.3926990816987241 , a =        0.3826834323650898 , ax =        0.9238795325112871
 x =        0.5890486225480862 , a =        0.5555702330196021 , ax =        0.8314696123025439
 x =        0.7853981633974483 , a =        0.7071067811865476 , ax =        0.7071067811865496
 x =        0.9817477042468103 , a =        0.8314696123025452 , ax =        0.5555702330196010
 x =        1.1780972450961724 , a =        0.9238795325112866 , ax =        0.3826834323650897
 x =        1.3744467859455345 , a =        0.9807852804032305 , ax =        0.1950903220161282
 x =        1.5707963267948966 , a =        1.0000000000000000 , ax =        0.0000000000000006
 x =        1.7671458676442586 , a =        0.9807852804032305 , ax =       -0.1950903220161280
 x =        1.9634954084936207 , a =        0.9238795325112867 , ax =       -0.3826834323650901
 x =        2.1598449493429825 , a =        0.8314696123025455 , ax =       -0.5555702330196014
 x =        2.3561944901923448 , a =        0.7071067811865477 , ax =       -0.7071067811865487
 x =        2.5525440310417071 , a =        0.5555702330196021 , ax =       -0.8314696123025450
 x =        2.7488935718910690 , a =        0.3826834323650899 , ax =       -0.9238795325112864
 x =        2.9452431127404308 , a =        0.1950903220161286 , ax =       -0.9807852804032292
 x =        3.1415926535897931 , a =        0.0000000000000001 , ax =       -1.0000000000000022
 x =        3.3379421944391554 , a =       -0.1950903220161284 , ax =       -0.9807852804032302
 x =        3.5342917352885173 , a =       -0.3826834323650897 , ax =       -0.9238795325112860
 x =        3.7306412761378791 , a =       -0.5555702330196018 , ax =       -0.8314696123025437
 x =        3.9269908169872414 , a =       -0.7071067811865475 , ax =       -0.7071067811865511
 x =        4.1233403578366037 , a =       -0.8314696123025453 , ax =       -0.5555702330196003
 x =        4.3196898986859651 , a =       -0.9238795325112864 , ax =       -0.3826834323650885
 x =        4.5160394395353274 , a =       -0.9807852804032304 , ax =       -0.1950903220161296
 x =        4.7123889803846897 , a =       -1.0000000000000000 , ax =       -0.0000000000000005
 x =        4.9087385212340520 , a =       -0.9807852804032305 , ax =        0.1950903220161281
 x =        5.1050880620834143 , a =       -0.9238795325112866 , ax =        0.3826834323650905
 x =        5.3014376029327757 , a =       -0.8314696123025455 , ax =        0.5555702330196003
 x =        5.4977871437821380 , a =       -0.7071067811865477 , ax =        0.7071067811865498
 x =        5.6941366846315002 , a =       -0.5555702330196021 , ax =        0.8314696123025430
 x =        5.8904862254808616 , a =       -0.3826834323650904 , ax =        0.9238795325112853
 x =        6.0868357663302239 , a =       -0.1950903220161287 , ax =        0.9807852804032325
 
 yderiv:
 y =        0.0000000000000000 , a =        0.0000000000000000 , ay =        1.0000000000000007
 y =        0.1963495408493621 , a =        0.1950903220161282 , ay =        0.9807852804032309
 y =        0.3926990816987241 , a =        0.3826834323650898 , ay =        0.9238795325112862
 y =        0.5890486225480862 , a =        0.5555702330196022 , ay =        0.8314696123025449
 y =        0.7853981633974483 , a =        0.7071067811865475 , ay =        0.7071067811865479
 y =        0.9817477042468103 , a =        0.8314696123025452 , ay =        0.5555702330196021
 y =        1.1780972450961724 , a =        0.9238795325112867 , ay =        0.3826834323650899
 y =        1.3744467859455345 , a =        0.9807852804032304 , ay =        0.1950903220161282
 y =        1.5707963267948966 , a =        1.0000000000000000 , ay =        0.0000000000000002
 y =        1.7671458676442586 , a =        0.9807852804032304 , ay =       -0.1950903220161291
 y =        1.9634954084936207 , a =        0.9238795325112867 , ay =       -0.3826834323650890
 y =        2.1598449493429825 , a =        0.8314696123025455 , ay =       -0.5555702330196017
 y =        2.3561944901923448 , a =        0.7071067811865476 , ay =       -0.7071067811865485
 y =        2.5525440310417071 , a =        0.5555702330196022 , ay =       -0.8314696123025456
 y =        2.7488935718910690 , a =        0.3826834323650899 , ay =       -0.9238795325112857
 y =        2.9452431127404308 , a =        0.1950903220161286 , ay =       -0.9807852804032294
 y =        3.1415926535897931 , a =        0.0000000000000001 , ay =       -1.0000000000000020
 y =        3.3379421944391554 , a =       -0.1950903220161284 , ay =       -0.9807852804032309
 y =        3.5342917352885173 , a =       -0.3826834323650897 , ay =       -0.9238795325112849
 y =        3.7306412761378791 , a =       -0.5555702330196020 , ay =       -0.8314696123025453
 y =        3.9269908169872414 , a =       -0.7071067811865475 , ay =       -0.7071067811865490
 y =        4.1233403578366037 , a =       -0.8314696123025452 , ay =       -0.5555702330196010
 y =        4.3196898986859651 , a =       -0.9238795325112865 , ay =       -0.3826834323650895
 y =        4.5160394395353274 , a =       -0.9807852804032303 , ay =       -0.1950903220161292
 y =        4.7123889803846897 , a =       -1.0000000000000000 , ay =       -0.0000000000000003
 y =        4.9087385212340520 , a =       -0.9807852804032304 , ay =        0.1950903220161292
 y =        5.1050880620834143 , a =       -0.9238795325112866 , ay =        0.3826834323650897
 y =        5.3014376029327757 , a =       -0.8314696123025455 , ay =        0.5555702330196002
 y =        5.4977871437821380 , a =       -0.7071067811865477 , ay =        0.7071067811865496
 y =        5.6941366846315002 , a =       -0.5555702330196022 , ay =        0.8314696123025440
 y =        5.8904862254808616 , a =       -0.3826834323650904 , ay =        0.9238795325112846
 y =        6.0868357663302239 , a =       -0.1950903220161287 , ay =        0.9807852804032330
 
 fft2d:
 x =        0.0000000000000000 , send =        0.0000000000000000 , recv =        0.0000000000000000
 x =        0.1963495408493621 , send =        0.1950903220161283 , recv =        0.1950903220161284
 x =        0.3926990816987241 , send =        0.3826834323650898 , recv =        0.3826834323650898
 x =        0.5890486225480862 , send =        0.5555702330196021 , recv =        0.5555702330196021
 x =        0.7853981633974483 , send =        0.7071067811865476 , recv =        0.7071067811865475
 x =        0.9817477042468103 , send =        0.8314696123025452 , recv =        0.8314696123025453
 x =        1.1780972450961724 , send =        0.9238795325112866 , recv =        0.9238795325112867
 x =        1.3744467859455345 , send =        0.9807852804032305 , recv =        0.9807852804032303
 x =        1.5707963267948966 , send =        1.0000000000000000 , recv =        1.0000000000000000
 x =        1.7671458676442586 , send =        0.9807852804032305 , recv =        0.9807852804032304
 x =        1.9634954084936207 , send =        0.9238795325112867 , recv =        0.9238795325112867
 x =        2.1598449493429825 , send =        0.8314696123025455 , recv =        0.8314696123025452
 x =        2.3561944901923448 , send =        0.7071067811865477 , recv =        0.7071067811865477
 x =        2.5525440310417071 , send =        0.5555702330196021 , recv =        0.5555702330196022
 x =        2.7488935718910690 , send =        0.3826834323650899 , recv =        0.3826834323650898
 x =        2.9452431127404308 , send =        0.1950903220161286 , recv =        0.1950903220161284
 x =        3.1415926535897931 , send =        0.0000000000000001 , recv =        0.0000000000000001
 x =        3.3379421944391554 , send =       -0.1950903220161284 , recv =       -0.1950903220161285
 x =        3.5342917352885173 , send =       -0.3826834323650897 , recv =       -0.3826834323650897
 x =        3.7306412761378791 , send =       -0.5555702330196018 , recv =       -0.5555702330196018
 x =        3.9269908169872414 , send =       -0.7071067811865475 , recv =       -0.7071067811865475
 x =        4.1233403578366037 , send =       -0.8314696123025453 , recv =       -0.8314696123025453
 x =        4.3196898986859651 , send =       -0.9238795325112864 , recv =       -0.9238795325112865
 x =        4.5160394395353274 , send =       -0.9807852804032304 , recv =       -0.9807852804032301
 x =        4.7123889803846897 , send =       -1.0000000000000000 , recv =       -1.0000000000000000
 x =        4.9087385212340520 , send =       -0.9807852804032305 , recv =       -0.9807852804032304
 x =        5.1050880620834143 , send =       -0.9238795325112866 , recv =       -0.9238795325112867
 x =        5.3014376029327757 , send =       -0.8314696123025455 , recv =       -0.8314696123025452
 x =        5.4977871437821380 , send =       -0.7071067811865477 , recv =       -0.7071067811865477
 x =        5.6941366846315002 , send =       -0.5555702330196021 , recv =       -0.5555702330196022
 x =        5.8904862254808616 , send =       -0.3826834323650904 , recv =       -0.3826834323650903
 x =        6.0868357663302239 , send =       -0.1950903220161287 , recv =       -0.1950903220161286
